# JRE version: OpenJDK Runtime Environment Temurin-17.0.8.1+1 (17.0.8.1+1) (build 17.0.8.1+1)
# Java VM: OpenJDK 64-Bit Server VM Temurin-17.0.8.1+1 (17.0.8.1+1, mixed mode, emulated-client, tiered, compressed oops, compressed class ptrs, g1 gc, windows-amd64)
GC Precious Log:
 CPUs: 8 total, 8 available
 Memory: 6091M
 Large Page Support: Disabled
 NUMA Support: Disabled
 Compressed Oops: Enabled (32-bit)
 Heap Region Size: 1M
 Heap Min Capacity: 8M
 Heap Initial Capacity: 96M
 Heap Max Capacity: 1G
 Pre-touch: Disabled
 Parallel Workers: 8
 Concurrent Workers: 2
 Concurrent Refinement Workers: 8
 Periodic GC: Disabled
Heap:
 garbage-first heap   total 66560K, used 31152K [0x00000000c0000000, 0x0000000100000000)
  region size 1024K, 12 young (12288K), 2 survivors (2048K)
 Metaspace       used 37222K, committed 37568K, reserved 1114112K
  class space    used 4866K, committed 5056K, reserved 1048576K
GC Heap History (16 events):
Event: 30.982 GC heap before
{Heap before GC invocations=0 (full 0):
 garbage-first heap   total 98304K, used 22528K [0x00000000c0000000, 0x0000000100000000)
  region size 1024K, 23 young (23552K), 0 survivors (0K)
 Metaspace       used 8988K, committed 9088K, reserved 1114112K
  class space    used 1055K, committed 1088K, reserved 1048576K
}
Event: 31.003 GC heap after
{Heap after GC invocations=1 (full 0):
 garbage-first heap   total 98304K, used 9856K [0x00000000c0000000, 0x0000000100000000)
  region size 1024K, 3 young (3072K), 3 survivors (3072K)
 Metaspace       used 8988K, committed 9088K, reserved 1114112K
  class space    used 1055K, committed 1088K, reserved 1048576K
}
Event: 32.483 GC heap before
{Heap before GC invocations=1 (full 0):
 garbage-first heap   total 98304K, used 33408K [0x00000000c0000000, 0x0000000100000000)
  region size 1024K, 27 young (27648K), 3 survivors (3072K)
 Metaspace       used 16063K, committed 16192K, reserved 1114112K
  class space    used 1999K, committed 2048K, reserved 1048576K
}
Event: 32.496 GC heap after
{Heap after GC invocations=2 (full 0):
 garbage-first heap   total 98304K, used 12319K [0x00000000c0000000, 0x0000000100000000)
  region size 1024K, 3 young (3072K), 3 survivors (3072K)
 Metaspace       used 16063K, committed 16192K, reserved 1114112K
  class space    used 1999K, committed 2048K, reserved 1048576K
}
Event: 33.116 GC heap before
{Heap before GC invocations=2 (full 0):
 garbage-first heap   total 98304K, used 33823K [0x00000000c0000000, 0x0000000100000000)
  region size 1024K, 26 young (26624K), 3 survivors (3072K)
 Metaspace       used 21350K, committed 21504K, reserved 1114112K
  class space    used 2617K, committed 2688K, reserved 1048576K
}
Event: 33.139 GC heap after
{Heap after GC invocations=3 (full 0):
 garbage-first heap   total 98304K, used 14071K [0x00000000c0000000, 0x0000000100000000)
  region size 1024K, 5 young (5120K), 5 survivors (5120K)
 Metaspace       used 21350K, committed 21504K, reserved 1114112K
  class space    used 2617K, committed 2688K, reserved 1048576K
}
Event: 34.033 GC heap before
{Heap before GC invocations=4 (full 0):
 garbage-first heap   total 55296K, used 39671K [0x00000000c0000000, 0x0000000100000000)
  region size 1024K, 32 young (32768K), 5 survivors (5120K)
 Metaspace       used 27131K, committed 27392K, reserved 1114112K
  class space    used 3386K, committed 3520K, reserved 1048576K
}
Event: 34.046 GC heap after
{Heap after GC invocations=5 (full 0):
 garbage-first heap   total 55296K, used 16286K [0x00000000c0000000, 0x0000000100000000)
  region size 1024K, 4 young (4096K), 4 survivors (4096K)
 Metaspace       used 27131K, committed 27392K, reserved 1114112K
  class space    used 3386K, committed 3520K, reserved 1048576K
}
Event: 36.242 GC heap before
{Heap before GC invocations=5 (full 0):
 garbage-first heap   total 55296K, used 35742K [0x00000000c0000000, 0x0000000100000000)
  region size 1024K, 23 young (23552K), 4 survivors (4096K)
 Metaspace       used 29496K, committed 29824K, reserved 1114112K
  class space    used 3699K, committed 3840K, reserved 1048576K
}
Event: 36.256 GC heap after
{Heap after GC invocations=6 (full 0):
 garbage-first heap   total 55296K, used 18070K [0x00000000c0000000, 0x0000000100000000)
  region size 1024K, 2 young (2048K), 2 survivors (2048K)
 Metaspace       used 29496K, committed 29824K, reserved 1114112K
  class space    used 3699K, committed 3840K, reserved 1048576K
}
Event: 40.403 GC heap before
{Heap before GC invocations=6 (full 0):
 garbage-first heap   total 55296K, used 36502K [0x00000000c0000000, 0x0000000100000000)
  region size 1024K, 21 young (21504K), 2 survivors (2048K)
 Metaspace       used 32376K, committed 32768K, reserved 1114112K
  class space    used 4119K, committed 4288K, reserved 1048576K
}
Event: 40.653 GC heap after
{Heap after GC invocations=7 (full 0):
 garbage-first heap   total 55296K, used 20322K [0x00000000c0000000, 0x0000000100000000)
  region size 1024K, 3 young (3072K), 3 survivors (3072K)
 Metaspace       used 32376K, committed 32768K, reserved 1114112K
  class space    used 4119K, committed 4288K, reserved 1048576K
}
Event: 49.507 GC heap before
{Heap before GC invocations=7 (full 0):
 garbage-first heap   total 55296K, used 36706K [0x00000000c0000000, 0x0000000100000000)
  region size 1024K, 20 young (20480K), 3 survivors (3072K)
 Metaspace       used 35560K, committed 35904K, reserved 1114112K
  class space    used 4603K, committed 4736K, reserved 1048576K
}
Event: 49.730 GC heap after
{Heap after GC invocations=8 (full 0):
 garbage-first heap   total 55296K, used 21928K [0x00000000c0000000, 0x0000000100000000)
  region size 1024K, 2 young (2048K), 2 survivors (2048K)
 Metaspace       used 35560K, committed 35904K, reserved 1114112K
  class space    used 4603K, committed 4736K, reserved 1048576K
}
Event: 49.796 GC heap before
{Heap before GC invocations=8 (full 0):
 garbage-first heap   total 55296K, used 21928K [0x00000000c0000000, 0x0000000100000000)
  region size 1024K, 3 young (3072K), 2 survivors (2048K)
 Metaspace       used 35655K, committed 35968K, reserved 1114112K
  class space    used 4618K, committed 4736K, reserved 1048576K
}
Event: 49.800 GC heap after
{Heap after GC invocations=9 (full 0):
 garbage-first heap   total 66560K, used 21936K [0x00000000c0000000, 0x0000000100000000)
  region size 1024K, 2 young (2048K), 2 survivors (2048K)
 Metaspace       used 35655K, committed 35968K, reserved 1114112K
  class space    used 4618K, committed 4736K, reserved 1048576K
}

